{"D:\\project\\react-obvious\\src\\index.ts": {"path":"D:\\project\\react-obvious\\src\\index.ts","statementMap":{"0":{"start":{"line":1,"column":0},"end":{"line":1,"column":7}},"1":{"start":{"line":7,"column":4},"end":{"line":1,"column":46}},"2":{"start":{"line":2,"column":0},"end":{"line":2,"column":7}},"3":{"start":{"line":8,"column":4},"end":{"line":2,"column":64}},"4":{"start":{"line":3,"column":0},"end":{"line":3,"column":7}},"5":{"start":{"line":9,"column":4},"end":{"line":3,"column":60}},"6":{"start":{"line":4,"column":0},"end":{"line":4,"column":7}},"7":{"start":{"line":10,"column":4},"end":{"line":4,"column":47}}},"fnMap":{},"branchMap":{},"s":{"0":2,"1":2,"2":2,"3":2,"4":2,"5":2,"6":2,"7":2},"f":{},"b":{}}
,"D:\\project\\react-obvious\\src\\lib\\component\\manager.tsx": {"path":"D:\\project\\react-obvious\\src\\lib\\component\\manager.tsx","statementMap":{"0":{"start":{"line":1,"column":0},"end":{"line":1,"column":26}},"1":{"start":{"line":2,"column":0},"end":{"line":2,"column":54}},"2":{"start":{"line":14,"column":52},"end":{"line":20,"column":1}},"3":{"start":{"line":15,"column":4},"end":{"line":19,"column":6}},"4":{"start":{"line":22,"column":0},"end":{"line":22,"column":23}}},"fnMap":{"0":{"name":"(anonymous_0)","decl":{"start":{"line":14,"column":52},"end":{"line":14,"column":53}},"loc":{"start":{"line":14,"column":58},"end":{"line":20,"column":1}}}},"branchMap":{},"s":{"0":2,"1":2,"2":2,"3":4,"4":2},"f":{"0":4},"b":{}}
,"D:\\project\\react-obvious\\src\\lib\\context\\socket-context.ts": {"path":"D:\\project\\react-obvious\\src\\lib\\context\\socket-context.ts","statementMap":{"0":{"start":{"line":1,"column":0},"end":{"line":1,"column":26}},"1":{"start":{"line":3,"column":22},"end":{"line":3,"column":47}},"2":{"start":{"line":4,"column":0},"end":{"line":4,"column":44}},"3":{"start":{"line":6,"column":0},"end":{"line":6,"column":29}}},"fnMap":{},"branchMap":{},"s":{"0":2,"1":2,"2":2,"3":2},"f":{},"b":{}}
,"D:\\project\\react-obvious\\src\\lib\\high-order-component\\with-socket.tsx": {"path":"D:\\project\\react-obvious\\src\\lib\\high-order-component\\with-socket.tsx","statementMap":{"0":{"start":{"line":1,"column":0},"end":{"line":1,"column":26}},"1":{"start":{"line":2,"column":0},"end":{"line":2,"column":54}},"2":{"start":{"line":11,"column":19},"end":{"line":11,"column":67}},"3":{"start":{"line":11,"column":65},"end":{"line":55,"column":2}},"4":{"start":{"line":12,"column":4},"end":{"line":54,"column":null}},"5":{"start":{"line":12,"column":33},"end":{"line":12,"column":38}},"6":{"start":{"line":20,"column":12},"end":{"line":20,"column":null}},"7":{"start":{"line":21,"column":33},"end":{"line":21,"column":35}},"8":{"start":{"line":22,"column":33},"end":{"line":22,"column":35}},"9":{"start":{"line":23,"column":27},"end":{"line":23,"column":34}},"10":{"start":{"line":25,"column":16},"end":{"line":25,"column":69}},"11":{"start":{"line":26,"column":16},"end":{"line":30,"column":18}},"12":{"start":{"line":27,"column":20},"end":{"line":29,"column":23}},"13":{"start":{"line":24,"column":12},"end":{"line":31,"column":null}},"14":{"start":{"line":24,"column":36},"end":{"line":24,"column":46}},"15":{"start":{"line":24,"column":32},"end":{"line":24,"column":36}},"16":{"start":{"line":24,"column":23},"end":{"line":24,"column":36}},"17":{"start":{"line":32,"column":12},"end":{"line":32,"column":38}},"18":{"start":{"line":33,"column":12},"end":{"line":33,"column":45}},"19":{"start":{"line":36,"column":8},"end":{"line":42,"column":null}},"20":{"start":{"line":37,"column":27},"end":{"line":37,"column":39}},"21":{"start":{"line":38,"column":31},"end":{"line":38,"column":54}},"22":{"start":{"line":39,"column":12},"end":{"line":41,"column":null}},"23":{"start":{"line":39,"column":36},"end":{"line":39,"column":46}},"24":{"start":{"line":39,"column":32},"end":{"line":39,"column":36}},"25":{"start":{"line":40,"column":16},"end":{"line":40,"column":75}},"26":{"start":{"line":44,"column":8},"end":{"line":49,"column":null}},"27":{"start":{"line":45,"column":27},"end":{"line":45,"column":39}},"28":{"start":{"line":46,"column":12},"end":{"line":48,"column":null}},"29":{"start":{"line":46,"column":36},"end":{"line":46,"column":46}},"30":{"start":{"line":46,"column":32},"end":{"line":46,"column":36}},"31":{"start":{"line":47,"column":16},"end":{"line":47,"column":77}},"32":{"start":{"line":51,"column":8},"end":{"line":53,"column":null}},"33":{"start":{"line":52,"column":12},"end":{"line":52,"column":87}},"34":{"start":{"line":54,"column":4},"end":{"line":54,"column":6}},"35":{"start":{"line":57,"column":0},"end":{"line":57,"column":26}}},"fnMap":{"0":{"name":"(anonymous_0)","decl":{"start":{"line":11,"column":19},"end":{"line":11,"column":39}},"loc":{"start":{"line":11,"column":59},"end":{"line":11,"column":67}}},"1":{"name":"(anonymous_1)","decl":{"start":{"line":11,"column":65},"end":{"line":11,"column":67}},"loc":{"start":{"line":11,"column":100},"end":{"line":55,"column":1}}},"2":{"name":"(anonymous_2)","decl":{"start":{"line":12,"column":4},"end":{"line":12,"column":11}},"loc":{"start":{"line":12,"column":4},"end":{"line":54,"column":null}}},"3":{"name":"Wrapper","decl":{"start":{"line":19,"column":8},"end":{"line":19,"column":20}},"loc":{"start":{"line":19,"column":45},"end":{"line":34,"column":9}}},"4":{"name":"(anonymous_5)","decl":{"start":{"line":26,"column":42},"end":{"line":26,"column":43}},"loc":{"start":{"line":26,"column":56},"end":{"line":30,"column":17}}},"5":{"name":"(anonymous_6)","decl":{"start":{"line":36,"column":8},"end":{"line":36,"column":25}},"loc":{"start":{"line":36,"column":8},"end":{"line":42,"column":9}}},"6":{"name":"(anonymous_7)","decl":{"start":{"line":44,"column":8},"end":{"line":44,"column":28}},"loc":{"start":{"line":44,"column":8},"end":{"line":49,"column":9}}},"7":{"name":"(anonymous_8)","decl":{"start":{"line":51,"column":8},"end":{"line":51,"column":14}},"loc":{"start":{"line":51,"column":8},"end":{"line":53,"column":9}}}},"branchMap":{"0":{"loc":{"start":{"line":20,"column":12},"end":{"line":20,"column":33}},"type":"binary-expr","locations":[{"start":{"line":20,"column":12},"end":{"line":20,"column":33}},{"start":{"line":20,"column":33},"end":{"line":20,"column":null}}]}},"s":{"0":2,"1":2,"2":2,"3":1,"4":1,"5":1,"6":1,"7":1,"8":1,"9":1,"10":2,"11":2,"12":3,"13":1,"14":2,"15":2,"16":2,"17":1,"18":1,"19":1,"20":1,"21":1,"22":1,"23":2,"24":2,"25":2,"26":1,"27":1,"28":1,"29":2,"30":2,"31":2,"32":1,"33":4,"34":1,"35":2},"f":{"0":1,"1":1,"2":1,"3":1,"4":3,"5":1,"6":1,"7":4},"b":{"0":[1,1]}}
,"D:\\project\\react-obvious\\src\\lib\\hooks\\use-obvious-state.ts": {"path":"D:\\project\\react-obvious\\src\\lib\\hooks\\use-obvious-state.ts","statementMap":{"0":{"start":{"line":1,"column":0},"end":{"line":1,"column":44}},"1":{"start":{"line":2,"column":0},"end":{"line":2,"column":42}},"2":{"start":{"line":11,"column":27},"end":{"line":11,"column":38}},"3":{"start":{"line":12,"column":27},"end":{"line":12,"column":53}},"4":{"start":{"line":13,"column":10},"end":{"line":13,"column":11}},"5":{"start":{"line":13,"column":11},"end":{"line":13,"column":23}},"6":{"start":{"line":13,"column":25},"end":{"line":13,"column":63}},"7":{"start":{"line":15,"column":4},"end":{"line":23,"column":28}},"8":{"start":{"line":16,"column":25},"end":{"line":18,"column":9}},"9":{"start":{"line":17,"column":12},"end":{"line":17,"column":38}},"10":{"start":{"line":19,"column":8},"end":{"line":19,"column":47}},"11":{"start":{"line":20,"column":8},"end":{"line":22,"column":10}},"12":{"start":{"line":21,"column":12},"end":{"line":21,"column":53}},"13":{"start":{"line":25,"column":18},"end":{"line":25,"column":30}},"14":{"start":{"line":26,"column":21},"end":{"line":28,"column":5}},"15":{"start":{"line":27,"column":8},"end":{"line":27,"column":45}},"16":{"start":{"line":30,"column":4},"end":{"line":30,"column":29}},"17":{"start":{"line":33,"column":0},"end":{"line":33,"column":31}}},"fnMap":{"0":{"name":"useObviousState","decl":{"start":{"line":10,"column":9},"end":{"line":10,"column":24}},"loc":{"start":{"line":10,"column":42},"end":{"line":31,"column":1}}},"1":{"name":"(anonymous_1)","decl":{"start":{"line":15,"column":14},"end":{"line":15,"column":null}},"loc":{"start":{"line":15,"column":14},"end":{"line":23,"column":5}}},"2":{"name":"(anonymous_2)","decl":{"start":{"line":16,"column":25},"end":{"line":16,"column":26}},"loc":{"start":{"line":16,"column":39},"end":{"line":18,"column":9}}},"3":{"name":"(anonymous_3)","decl":{"start":{"line":20,"column":15},"end":{"line":20,"column":null}},"loc":{"start":{"line":20,"column":15},"end":{"line":22,"column":9}}},"4":{"name":"(anonymous_4)","decl":{"start":{"line":26,"column":21},"end":{"line":26,"column":22}},"loc":{"start":{"line":26,"column":35},"end":{"line":28,"column":5}}}},"branchMap":{},"s":{"0":2,"1":2,"2":9,"3":9,"4":9,"5":9,"6":9,"7":9,"8":2,"9":6,"10":2,"11":2,"12":1,"13":9,"14":9,"15":1,"16":9,"17":2},"f":{"0":9,"1":2,"2":6,"3":1,"4":1},"b":{}}
,"D:\\project\\react-obvious\\src\\lib\\hooks\\use-socket.ts": {"path":"D:\\project\\react-obvious\\src\\lib\\hooks\\use-socket.ts","statementMap":{"0":{"start":{"line":1,"column":0},"end":{"line":1,"column":33}},"1":{"start":{"line":2,"column":0},"end":{"line":2,"column":54}},"2":{"start":{"line":9,"column":4},"end":{"line":9,"column":37}},"3":{"start":{"line":12,"column":0},"end":{"line":12,"column":25}}},"fnMap":{"0":{"name":"useSocket","decl":{"start":{"line":8,"column":9},"end":{"line":8,"column":18}},"loc":{"start":{"line":8,"column":18},"end":{"line":10,"column":1}}}},"branchMap":{},"s":{"0":2,"1":2,"2":11,"3":2},"f":{"0":11},"b":{}}
,"D:\\project\\react-obvious\\test\\components\\add-item-button.tsx": {"path":"D:\\project\\react-obvious\\test\\components\\add-item-button.tsx","statementMap":{"0":{"start":{"line":1,"column":0},"end":{"line":1,"column":26}},"1":{"start":{"line":2,"column":0},"end":{"line":2,"column":48}},"2":{"start":{"line":4,"column":47},"end":{"line":12,"column":1}},"3":{"start":{"line":5,"column":10},"end":{"line":5,"column":11}},"4":{"start":{"line":5,"column":11},"end":{"line":5,"column":15}},"5":{"start":{"line":5,"column":17},"end":{"line":5,"column":51}},"6":{"start":{"line":6,"column":26},"end":{"line":8,"column":5}},"7":{"start":{"line":7,"column":8},"end":{"line":7,"column":35}},"8":{"start":{"line":9,"column":4},"end":{"line":11,"column":6}},"9":{"start":{"line":14,"column":0},"end":{"line":14,"column":29}}},"fnMap":{"0":{"name":"(anonymous_0)","decl":{"start":{"line":4,"column":47},"end":{"line":4,"column":null}},"loc":{"start":{"line":4,"column":47},"end":{"line":12,"column":1}}},"1":{"name":"(anonymous_1)","decl":{"start":{"line":6,"column":26},"end":{"line":6,"column":null}},"loc":{"start":{"line":6,"column":26},"end":{"line":8,"column":5}}}},"branchMap":{},"s":{"0":1,"1":1,"2":1,"3":4,"4":4,"5":4,"6":4,"7":1,"8":4,"9":1},"f":{"0":4,"1":1},"b":{}}
,"D:\\project\\react-obvious\\test\\components\\delete-item-button.tsx": {"path":"D:\\project\\react-obvious\\test\\components\\delete-item-button.tsx","statementMap":{"0":{"start":{"line":1,"column":0},"end":{"line":1,"column":26}},"1":{"start":{"line":2,"column":0},"end":{"line":2,"column":42}},"2":{"start":{"line":4,"column":50},"end":{"line":14,"column":1}},"3":{"start":{"line":5,"column":19},"end":{"line":5,"column":30}},"4":{"start":{"line":6,"column":26},"end":{"line":10,"column":5}},"5":{"start":{"line":7,"column":24},"end":{"line":7,"column":47}},"6":{"start":{"line":8,"column":21},"end":{"line":8,"column":63}},"7":{"start":{"line":9,"column":8},"end":{"line":9,"column":41}},"8":{"start":{"line":11,"column":4},"end":{"line":13,"column":6}},"9":{"start":{"line":16,"column":0},"end":{"line":16,"column":32}}},"fnMap":{"0":{"name":"(anonymous_0)","decl":{"start":{"line":4,"column":50},"end":{"line":4,"column":null}},"loc":{"start":{"line":4,"column":50},"end":{"line":14,"column":1}}},"1":{"name":"(anonymous_1)","decl":{"start":{"line":6,"column":26},"end":{"line":6,"column":null}},"loc":{"start":{"line":6,"column":26},"end":{"line":10,"column":5}}}},"branchMap":{},"s":{"0":1,"1":1,"2":1,"3":2,"4":2,"5":1,"6":1,"7":1,"8":2,"9":1},"f":{"0":2,"1":1},"b":{}}
,"D:\\project\\react-obvious\\test\\components\\hoc-tester.tsx": {"path":"D:\\project\\react-obvious\\test\\components\\hoc-tester.tsx","statementMap":{"0":{"start":{"line":1,"column":0},"end":{"line":1,"column":26}},"1":{"start":{"line":2,"column":0},"end":{"line":2,"column":52}},"2":{"start":{"line":14,"column":51},"end":{"line":31,"column":1}},"3":{"start":{"line":15,"column":11},"end":{"line":15,"column":22}},"4":{"start":{"line":15,"column":24},"end":{"line":15,"column":30}},"5":{"start":{"line":15,"column":32},"end":{"line":15,"column":36}},"6":{"start":{"line":16,"column":19},"end":{"line":16,"column":31}},"7":{"start":{"line":17,"column":32},"end":{"line":19,"column":5}},"8":{"start":{"line":18,"column":8},"end":{"line":18,"column":53}},"9":{"start":{"line":20,"column":22},"end":{"line":22,"column":5}},"10":{"start":{"line":21,"column":8},"end":{"line":21,"column":41}},"11":{"start":{"line":23,"column":4},"end":{"line":30,"column":6}},"12":{"start":{"line":32,"column":25},"end":{"line":32,"column":81}},"13":{"start":{"line":40,"column":63},"end":{"line":46,"column":1}},"14":{"start":{"line":41,"column":4},"end":{"line":45,"column":6}},"15":{"start":{"line":48,"column":0},"end":{"line":48,"column":25}}},"fnMap":{"0":{"name":"(anonymous_0)","decl":{"start":{"line":14,"column":51},"end":{"line":14,"column":52}},"loc":{"start":{"line":14,"column":57},"end":{"line":31,"column":1}}},"1":{"name":"(anonymous_1)","decl":{"start":{"line":17,"column":32},"end":{"line":17,"column":null}},"loc":{"start":{"line":17,"column":32},"end":{"line":19,"column":5}}},"2":{"name":"(anonymous_2)","decl":{"start":{"line":20,"column":22},"end":{"line":20,"column":null}},"loc":{"start":{"line":20,"column":22},"end":{"line":22,"column":5}}},"3":{"name":"(anonymous_3)","decl":{"start":{"line":40,"column":63},"end":{"line":40,"column":64}},"loc":{"start":{"line":40,"column":69},"end":{"line":46,"column":1}}}},"branchMap":{"0":{"loc":{"start":{"line":25,"column":44},"end":{"line":25,"column":48}},"type":"cond-expr","locations":[{"start":{"line":25,"column":44},"end":{"line":25,"column":48}},{"start":{"line":25,"column":51},"end":{"line":25,"column":57}}]},"1":{"loc":{"start":{"line":26,"column":40},"end":{"line":26,"column":46}},"type":"cond-expr","locations":[{"start":{"line":26,"column":40},"end":{"line":26,"column":46}},{"start":{"line":26,"column":49},"end":{"line":26,"column":56}}]},"2":{"loc":{"start":{"line":43,"column":34},"end":{"line":43,"column":38}},"type":"cond-expr","locations":[{"start":{"line":43,"column":34},"end":{"line":43,"column":38}},{"start":{"line":43,"column":41},"end":{"line":43,"column":79}}]}},"s":{"0":1,"1":1,"2":1,"3":4,"4":4,"5":4,"6":4,"7":4,"8":2,"9":4,"10":1,"11":4,"12":1,"13":1,"14":2,"15":1},"f":{"0":4,"1":2,"2":1,"3":2},"b":{"0":[3,1],"1":[1,3],"2":[1,1]}}
,"D:\\project\\react-obvious\\test\\components\\hook-tester.tsx": {"path":"D:\\project\\react-obvious\\test\\components\\hook-tester.tsx","statementMap":{"0":{"start":{"line":1,"column":0},"end":{"line":1,"column":26}},"1":{"start":{"line":3,"column":0},"end":{"line":3,"column":40}},"2":{"start":{"line":4,"column":0},"end":{"line":4,"column":26}},"3":{"start":{"line":5,"column":0},"end":{"line":5,"column":46}},"4":{"start":{"line":6,"column":0},"end":{"line":6,"column":52}},"5":{"start":{"line":13,"column":55},"end":{"line":21,"column":1}},"6":{"start":{"line":14,"column":4},"end":{"line":20,"column":6}},"7":{"start":{"line":23,"column":0},"end":{"line":23,"column":26}}},"fnMap":{"0":{"name":"(anonymous_0)","decl":{"start":{"line":13,"column":55},"end":{"line":13,"column":56}},"loc":{"start":{"line":13,"column":61},"end":{"line":21,"column":1}}}},"branchMap":{"0":{"loc":{"start":{"line":17,"column":33},"end":{"line":17,"column":50}},"type":"cond-expr","locations":[{"start":{"line":17,"column":33},"end":{"line":17,"column":50}},{"start":{"line":17,"column":53},"end":{"line":17,"column":57}}]}},"s":{"0":1,"1":1,"2":1,"3":1,"4":1,"5":1,"6":2,"7":1},"f":{"0":2},"b":{"0":[1,1]}}
,"D:\\project\\react-obvious\\test\\components\\list.tsx": {"path":"D:\\project\\react-obvious\\test\\components\\list.tsx","statementMap":{"0":{"start":{"line":1,"column":0},"end":{"line":1,"column":26}},"1":{"start":{"line":2,"column":0},"end":{"line":2,"column":48}},"2":{"start":{"line":4,"column":38},"end":{"line":15,"column":1}},"3":{"start":{"line":5,"column":11},"end":{"line":5,"column":15}},"4":{"start":{"line":6,"column":4},"end":{"line":14,"column":6}},"5":{"start":{"line":10,"column":20},"end":{"line":10,"column":54}},"6":{"start":{"line":17,"column":0},"end":{"line":17,"column":20}}},"fnMap":{"0":{"name":"(anonymous_0)","decl":{"start":{"line":4,"column":38},"end":{"line":4,"column":null}},"loc":{"start":{"line":4,"column":38},"end":{"line":15,"column":1}}},"1":{"name":"(anonymous_1)","decl":{"start":{"line":9,"column":25},"end":{"line":9,"column":26}},"loc":{"start":{"line":9,"column":37},"end":{"line":11,"column":17}}}},"branchMap":{},"s":{"0":1,"1":1,"2":1,"3":5,"4":5,"5":3,"6":1},"f":{"0":5,"1":3},"b":{}}
}
