TN:
SF:D:\project\omicro\react-obvious\src\index.ts
FNF:0
FNH:0
DA:1,2
DA:2,2
DA:3,2
DA:4,2
DA:7,2
DA:8,2
DA:9,2
DA:10,2
LF:8
LH:8
BRF:0
BRH:0
end_of_record
TN:
SF:D:\project\omicro\react-obvious\src\lib\component\manager.tsx
FN:14,(anonymous_0)
FNF:1
FNH:1
FNDA:4,(anonymous_0)
DA:1,2
DA:2,2
DA:14,2
DA:15,4
DA:22,2
LF:5
LH:5
BRF:0
BRH:0
end_of_record
TN:
SF:D:\project\omicro\react-obvious\src\lib\context\socket-context.ts
FNF:0
FNH:0
DA:1,2
DA:3,2
DA:4,2
DA:6,2
LF:4
LH:4
BRF:0
BRH:0
end_of_record
TN:
SF:D:\project\omicro\react-obvious\src\lib\high-order-component\with-socket.tsx
FN:11,(anonymous_0)
FN:11,(anonymous_1)
FN:12,(anonymous_2)
FN:19,Wrapper
FN:26,(anonymous_5)
FN:36,(anonymous_6)
FN:44,(anonymous_7)
FN:51,(anonymous_8)
FNF:8
FNH:8
FNDA:1,(anonymous_0)
FNDA:1,(anonymous_1)
FNDA:1,(anonymous_2)
FNDA:1,Wrapper
FNDA:3,(anonymous_5)
FNDA:1,(anonymous_6)
FNDA:1,(anonymous_7)
FNDA:4,(anonymous_8)
DA:1,2
DA:2,2
DA:11,2
DA:12,1
DA:20,1
DA:21,1
DA:22,1
DA:23,1
DA:24,2
DA:25,2
DA:26,2
DA:27,3
DA:32,1
DA:33,1
DA:36,1
DA:37,1
DA:38,1
DA:39,2
DA:40,2
DA:44,1
DA:45,1
DA:46,2
DA:47,2
DA:51,1
DA:52,4
DA:54,1
DA:57,2
LF:27
LH:27
BRDA:20,0,0,1
BRDA:20,0,1,1
BRF:2
BRH:2
end_of_record
TN:
SF:D:\project\omicro\react-obvious\src\lib\hooks\use-obvious-state.ts
FN:10,useObviousState
FN:15,(anonymous_1)
FN:16,(anonymous_2)
FN:20,(anonymous_3)
FN:26,(anonymous_4)
FNF:5
FNH:5
FNDA:9,useObviousState
FNDA:2,(anonymous_1)
FNDA:6,(anonymous_2)
FNDA:1,(anonymous_3)
FNDA:1,(anonymous_4)
DA:1,2
DA:2,2
DA:11,9
DA:12,9
DA:13,9
DA:15,9
DA:16,2
DA:17,6
DA:19,2
DA:20,2
DA:21,1
DA:25,9
DA:26,9
DA:27,1
DA:30,9
DA:33,2
LF:16
LH:16
BRF:0
BRH:0
end_of_record
TN:
SF:D:\project\omicro\react-obvious\src\lib\hooks\use-socket.ts
FN:8,useSocket
FNF:1
FNH:1
FNDA:11,useSocket
DA:1,2
DA:2,2
DA:9,11
DA:12,2
LF:4
LH:4
BRF:0
BRH:0
end_of_record
TN:
SF:D:\project\omicro\react-obvious\test\components\add-item-button.tsx
FN:4,(anonymous_0)
FN:6,(anonymous_1)
FNF:2
FNH:2
FNDA:4,(anonymous_0)
FNDA:1,(anonymous_1)
DA:1,1
DA:2,1
DA:4,1
DA:5,4
DA:6,4
DA:7,1
DA:9,4
DA:14,1
LF:8
LH:8
BRF:0
BRH:0
end_of_record
TN:
SF:D:\project\omicro\react-obvious\test\components\delete-item-button.tsx
FN:4,(anonymous_0)
FN:6,(anonymous_1)
FNF:2
FNH:2
FNDA:2,(anonymous_0)
FNDA:1,(anonymous_1)
DA:1,1
DA:2,1
DA:4,1
DA:5,2
DA:6,2
DA:7,1
DA:8,1
DA:9,1
DA:11,2
DA:16,1
LF:10
LH:10
BRF:0
BRH:0
end_of_record
TN:
SF:D:\project\omicro\react-obvious\test\components\hoc-tester.tsx
FN:14,(anonymous_0)
FN:17,(anonymous_1)
FN:20,(anonymous_2)
FN:40,(anonymous_3)
FNF:4
FNH:4
FNDA:4,(anonymous_0)
FNDA:2,(anonymous_1)
FNDA:1,(anonymous_2)
FNDA:2,(anonymous_3)
DA:1,1
DA:2,1
DA:14,1
DA:15,4
DA:16,4
DA:17,4
DA:18,2
DA:20,4
DA:21,1
DA:23,4
DA:32,1
DA:40,1
DA:41,2
DA:48,1
LF:14
LH:14
BRDA:25,0,0,3
BRDA:25,0,1,1
BRDA:26,1,0,1
BRDA:26,1,1,3
BRDA:43,2,0,1
BRDA:43,2,1,1
BRF:6
BRH:6
end_of_record
TN:
SF:D:\project\omicro\react-obvious\test\components\hook-tester.tsx
FN:13,(anonymous_0)
FNF:1
FNH:1
FNDA:2,(anonymous_0)
DA:1,1
DA:3,1
DA:4,1
DA:5,1
DA:6,1
DA:13,1
DA:14,2
DA:23,1
LF:8
LH:8
BRDA:17,0,0,1
BRDA:17,0,1,1
BRF:2
BRH:2
end_of_record
TN:
SF:D:\project\omicro\react-obvious\test\components\list.tsx
FN:4,(anonymous_0)
FN:9,(anonymous_1)
FNF:2
FNH:2
FNDA:5,(anonymous_0)
FNDA:3,(anonymous_1)
DA:1,1
DA:2,1
DA:4,1
DA:5,5
DA:6,5
DA:10,3
DA:17,1
LF:7
LH:7
BRF:0
BRH:0
end_of_record
